{"name":"hexo","hostname":"sudeMacBook-Pro.local","pid":6006,"level":20,"msg":"Hexo version: \u001b[35m3.2.2\u001b[39m","time":"2016-08-24T10:10:46.722Z","v":0}
{"name":"hexo","hostname":"sudeMacBook-Pro.local","pid":6006,"level":20,"msg":"Working directory: \u001b[35m~/hexo/\u001b[39m","time":"2016-08-24T10:10:46.725Z","v":0}
{"name":"hexo","hostname":"sudeMacBook-Pro.local","pid":6006,"level":20,"msg":"Config loaded: \u001b[35m~/hexo/_config.yml\u001b[39m","time":"2016-08-24T10:10:46.792Z","v":0}
{"name":"hexo","hostname":"sudeMacBook-Pro.local","pid":6006,"level":20,"msg":"Script loaded: \u001b[35mthemes/landscape/scripts/fancybox.js\u001b[39m","time":"2016-08-24T10:10:46.801Z","v":0}
{"name":"hexo","hostname":"sudeMacBook-Pro.local","pid":6006,"level":20,"msg":"Plugin loaded: \u001b[35mhexo-deployer-git\u001b[39m","time":"2016-08-24T10:10:46.971Z","v":0}
{"name":"hexo","hostname":"sudeMacBook-Pro.local","pid":6006,"level":20,"msg":"Plugin loaded: \u001b[35mhexo-generator-archive\u001b[39m","time":"2016-08-24T10:10:46.973Z","v":0}
{"name":"hexo","hostname":"sudeMacBook-Pro.local","pid":6006,"level":20,"msg":"Plugin loaded: \u001b[35mhexo-generator-index\u001b[39m","time":"2016-08-24T10:10:46.975Z","v":0}
{"name":"hexo","hostname":"sudeMacBook-Pro.local","pid":6006,"level":20,"msg":"Plugin loaded: \u001b[35mhexo-generator-category\u001b[39m","time":"2016-08-24T10:10:46.976Z","v":0}
{"name":"hexo","hostname":"sudeMacBook-Pro.local","pid":6006,"level":20,"msg":"Plugin loaded: \u001b[35mhexo-generator-tag\u001b[39m","time":"2016-08-24T10:10:46.978Z","v":0}
{"name":"hexo","hostname":"sudeMacBook-Pro.local","pid":6006,"level":20,"msg":"Plugin loaded: \u001b[35mhexo-renderer-ejs\u001b[39m","time":"2016-08-24T10:10:46.981Z","v":0}
{"name":"hexo","hostname":"sudeMacBook-Pro.local","pid":6006,"level":20,"msg":"Plugin loaded: \u001b[35mhexo-renderer-stylus\u001b[39m","time":"2016-08-24T10:10:46.982Z","v":0}
{"name":"hexo","hostname":"sudeMacBook-Pro.local","pid":6006,"level":20,"msg":"Plugin loaded: \u001b[35mhexo-renderer-marked\u001b[39m","time":"2016-08-24T10:10:47.044Z","v":0}
{"name":"hexo","hostname":"sudeMacBook-Pro.local","pid":6006,"level":20,"msg":"Plugin loaded: \u001b[35mhexo-server\u001b[39m","time":"2016-08-24T10:10:47.134Z","v":0}
{"name":"hexo","hostname":"sudeMacBook-Pro.local","pid":6006,"level":20,"msg":"Loading database.","time":"2016-08-24T10:10:47.143Z","v":0}
{"name":"hexo","hostname":"sudeMacBook-Pro.local","pid":6006,"level":30,"msg":"Start processing","time":"2016-08-24T10:10:47.150Z","v":0}
{"name":"hexo","hostname":"sudeMacBook-Pro.local","pid":6006,"level":20,"msg":"Processed: \u001b[35mdebug.log\u001b[39m","time":"2016-08-24T10:10:47.166Z","v":0}
{"name":"hexo","hostname":"sudeMacBook-Pro.local","pid":6006,"level":20,"msg":"Theme config loaded.","time":"2016-08-24T10:10:47.204Z","v":0}
{"name":"hexo","hostname":"sudeMacBook-Pro.local","pid":6006,"level":20,"msg":"Processed: \u001b[35m_config.yml\u001b[39m","time":"2016-08-24T10:10:47.205Z","v":0}
{"name":"hexo","hostname":"sudeMacBook-Pro.local","pid":6006,"level":20,"msg":"Processed: \u001b[35msource/css/style.styl\u001b[39m","time":"2016-08-24T10:10:47.211Z","v":0}
{"name":"hexo","hostname":"sudeMacBook-Pro.local","pid":6006,"level":20,"msg":"Processed: \u001b[35msource/fancybox/blank.gif\u001b[39m","time":"2016-08-24T10:10:47.211Z","v":0}
{"name":"hexo","hostname":"sudeMacBook-Pro.local","pid":6006,"level":20,"msg":"Processed: \u001b[35msource/fancybox/fancybox_loading.gif\u001b[39m","time":"2016-08-24T10:10:47.211Z","v":0}
{"name":"hexo","hostname":"sudeMacBook-Pro.local","pid":6006,"level":20,"msg":"Processed: \u001b[35msource/fancybox/fancybox_loading@2x.gif\u001b[39m","time":"2016-08-24T10:10:47.212Z","v":0}
{"name":"hexo","hostname":"sudeMacBook-Pro.local","pid":6006,"level":20,"msg":"Processed: \u001b[35msource/fancybox/fancybox_overlay.png\u001b[39m","time":"2016-08-24T10:10:47.212Z","v":0}
{"name":"hexo","hostname":"sudeMacBook-Pro.local","pid":6006,"level":20,"msg":"Processed: \u001b[35msource/fancybox/fancybox_sprite.png\u001b[39m","time":"2016-08-24T10:10:47.213Z","v":0}
{"name":"hexo","hostname":"sudeMacBook-Pro.local","pid":6006,"level":20,"msg":"Processed: \u001b[35msource/fancybox/fancybox_sprite@2x.png\u001b[39m","time":"2016-08-24T10:10:47.213Z","v":0}
{"name":"hexo","hostname":"sudeMacBook-Pro.local","pid":6006,"level":20,"msg":"Processed: \u001b[35msource/fancybox/jquery.fancybox.css\u001b[39m","time":"2016-08-24T10:10:47.213Z","v":0}
{"name":"hexo","hostname":"sudeMacBook-Pro.local","pid":6006,"level":20,"msg":"Processed: \u001b[35msource/js/script.js\u001b[39m","time":"2016-08-24T10:10:47.214Z","v":0}
{"name":"hexo","hostname":"sudeMacBook-Pro.local","pid":6006,"level":20,"msg":"Processed: \u001b[35msource/fancybox/jquery.fancybox.js\u001b[39m","time":"2016-08-24T10:10:47.214Z","v":0}
{"name":"hexo","hostname":"sudeMacBook-Pro.local","pid":6006,"level":20,"msg":"Processed: \u001b[35msource/fancybox/jquery.fancybox.pack.js\u001b[39m","time":"2016-08-24T10:10:47.215Z","v":0}
{"name":"hexo","hostname":"sudeMacBook-Pro.local","pid":6006,"level":20,"msg":"Processed: \u001b[35m_posts/hello-world.md\u001b[39m","time":"2016-08-24T10:10:47.230Z","v":0}
{"name":"hexo","hostname":"sudeMacBook-Pro.local","pid":6006,"level":20,"msg":"Processed: \u001b[35m_posts/第一篇.md\u001b[39m","time":"2016-08-24T10:10:47.234Z","v":0}
{"name":"hexo","hostname":"sudeMacBook-Pro.local","pid":6006,"level":20,"msg":"Processed: \u001b[35mlayout/archive.ejs\u001b[39m","time":"2016-08-24T10:10:47.260Z","v":0}
{"name":"hexo","hostname":"sudeMacBook-Pro.local","pid":6006,"level":20,"msg":"Processed: \u001b[35mlayout/category.ejs\u001b[39m","time":"2016-08-24T10:10:47.260Z","v":0}
{"name":"hexo","hostname":"sudeMacBook-Pro.local","pid":6006,"level":20,"msg":"Processed: \u001b[35mlayout/index.ejs\u001b[39m","time":"2016-08-24T10:10:47.260Z","v":0}
{"name":"hexo","hostname":"sudeMacBook-Pro.local","pid":6006,"level":20,"msg":"Processed: \u001b[35mlayout/layout.ejs\u001b[39m","time":"2016-08-24T10:10:47.260Z","v":0}
{"name":"hexo","hostname":"sudeMacBook-Pro.local","pid":6006,"level":20,"msg":"Processed: \u001b[35mlayout/post.ejs\u001b[39m","time":"2016-08-24T10:10:47.260Z","v":0}
{"name":"hexo","hostname":"sudeMacBook-Pro.local","pid":6006,"level":20,"msg":"Processed: \u001b[35mlayout/page.ejs\u001b[39m","time":"2016-08-24T10:10:47.260Z","v":0}
{"name":"hexo","hostname":"sudeMacBook-Pro.local","pid":6006,"level":20,"msg":"Processed: \u001b[35mlayout/tag.ejs\u001b[39m","time":"2016-08-24T10:10:47.260Z","v":0}
{"name":"hexo","hostname":"sudeMacBook-Pro.local","pid":6006,"level":20,"msg":"Processed: \u001b[35mlanguages/fr.yml\u001b[39m","time":"2016-08-24T10:10:47.262Z","v":0}
{"name":"hexo","hostname":"sudeMacBook-Pro.local","pid":6006,"level":20,"msg":"Processed: \u001b[35mlanguages/default.yml\u001b[39m","time":"2016-08-24T10:10:47.262Z","v":0}
{"name":"hexo","hostname":"sudeMacBook-Pro.local","pid":6006,"level":20,"msg":"Processed: \u001b[35mlanguages/no.yml\u001b[39m","time":"2016-08-24T10:10:47.262Z","v":0}
{"name":"hexo","hostname":"sudeMacBook-Pro.local","pid":6006,"level":20,"msg":"Processed: \u001b[35mlanguages/nl.yml\u001b[39m","time":"2016-08-24T10:10:47.262Z","v":0}
{"name":"hexo","hostname":"sudeMacBook-Pro.local","pid":6006,"level":20,"msg":"Processed: \u001b[35mlanguages/ru.yml\u001b[39m","time":"2016-08-24T10:10:47.263Z","v":0}
{"name":"hexo","hostname":"sudeMacBook-Pro.local","pid":6006,"level":20,"msg":"Processed: \u001b[35mlanguages/zh-CN.yml\u001b[39m","time":"2016-08-24T10:10:47.264Z","v":0}
{"name":"hexo","hostname":"sudeMacBook-Pro.local","pid":6006,"level":20,"msg":"Processed: \u001b[35mlanguages/zh-TW.yml\u001b[39m","time":"2016-08-24T10:10:47.264Z","v":0}
{"name":"hexo","hostname":"sudeMacBook-Pro.local","pid":6006,"level":20,"msg":"Processed: \u001b[35msource/css/fonts/fontawesome-webfont.eot\u001b[39m","time":"2016-08-24T10:10:47.267Z","v":0}
{"name":"hexo","hostname":"sudeMacBook-Pro.local","pid":6006,"level":20,"msg":"Processed: \u001b[35msource/css/fonts/FontAwesome.otf\u001b[39m","time":"2016-08-24T10:10:47.268Z","v":0}
{"name":"hexo","hostname":"sudeMacBook-Pro.local","pid":6006,"level":20,"msg":"Processed: \u001b[35msource/css/fonts/fontawesome-webfont.woff\u001b[39m","time":"2016-08-24T10:10:47.268Z","v":0}
{"name":"hexo","hostname":"sudeMacBook-Pro.local","pid":6006,"level":20,"msg":"Processed: \u001b[35msource/fancybox/helpers/fancybox_buttons.png\u001b[39m","time":"2016-08-24T10:10:47.268Z","v":0}
{"name":"hexo","hostname":"sudeMacBook-Pro.local","pid":6006,"level":20,"msg":"Processed: \u001b[35msource/fancybox/helpers/jquery.fancybox-buttons.css\u001b[39m","time":"2016-08-24T10:10:47.269Z","v":0}
{"name":"hexo","hostname":"sudeMacBook-Pro.local","pid":6006,"level":20,"msg":"Processed: \u001b[35msource/fancybox/helpers/jquery.fancybox-buttons.js\u001b[39m","time":"2016-08-24T10:10:47.269Z","v":0}
{"name":"hexo","hostname":"sudeMacBook-Pro.local","pid":6006,"level":20,"msg":"Processed: \u001b[35msource/fancybox/helpers/jquery.fancybox-media.js\u001b[39m","time":"2016-08-24T10:10:47.269Z","v":0}
{"name":"hexo","hostname":"sudeMacBook-Pro.local","pid":6006,"level":20,"msg":"Processed: \u001b[35msource/fancybox/helpers/jquery.fancybox-thumbs.css\u001b[39m","time":"2016-08-24T10:10:47.270Z","v":0}
{"name":"hexo","hostname":"sudeMacBook-Pro.local","pid":6006,"level":20,"msg":"Processed: \u001b[35msource/fancybox/helpers/jquery.fancybox-thumbs.js\u001b[39m","time":"2016-08-24T10:10:47.270Z","v":0}
{"name":"hexo","hostname":"sudeMacBook-Pro.local","pid":6006,"level":20,"msg":"Processed: \u001b[35msource/css/fonts/fontawesome-webfont.ttf\u001b[39m","time":"2016-08-24T10:10:47.271Z","v":0}
{"name":"hexo","hostname":"sudeMacBook-Pro.local","pid":6006,"level":20,"msg":"Processed: \u001b[35mlayout/_partial/after-footer.ejs\u001b[39m","time":"2016-08-24T10:10:47.276Z","v":0}
{"name":"hexo","hostname":"sudeMacBook-Pro.local","pid":6006,"level":20,"msg":"Processed: \u001b[35mlayout/_partial/archive.ejs\u001b[39m","time":"2016-08-24T10:10:47.277Z","v":0}
{"name":"hexo","hostname":"sudeMacBook-Pro.local","pid":6006,"level":20,"msg":"Processed: \u001b[35mlayout/_partial/archive-post.ejs\u001b[39m","time":"2016-08-24T10:10:47.277Z","v":0}
{"name":"hexo","hostname":"sudeMacBook-Pro.local","pid":6006,"level":20,"msg":"Processed: \u001b[35mlayout/_partial/article.ejs\u001b[39m","time":"2016-08-24T10:10:47.277Z","v":0}
{"name":"hexo","hostname":"sudeMacBook-Pro.local","pid":6006,"level":20,"msg":"Processed: \u001b[35mlayout/_partial/footer.ejs\u001b[39m","time":"2016-08-24T10:10:47.277Z","v":0}
{"name":"hexo","hostname":"sudeMacBook-Pro.local","pid":6006,"level":20,"msg":"Processed: \u001b[35mlayout/_partial/google-analytics.ejs\u001b[39m","time":"2016-08-24T10:10:47.277Z","v":0}
{"name":"hexo","hostname":"sudeMacBook-Pro.local","pid":6006,"level":20,"msg":"Processed: \u001b[35mlayout/_partial/head.ejs\u001b[39m","time":"2016-08-24T10:10:47.277Z","v":0}
{"name":"hexo","hostname":"sudeMacBook-Pro.local","pid":6006,"level":20,"msg":"Processed: \u001b[35mlayout/_partial/header.ejs\u001b[39m","time":"2016-08-24T10:10:47.277Z","v":0}
{"name":"hexo","hostname":"sudeMacBook-Pro.local","pid":6006,"level":20,"msg":"Processed: \u001b[35mlayout/_partial/mobile-nav.ejs\u001b[39m","time":"2016-08-24T10:10:47.277Z","v":0}
{"name":"hexo","hostname":"sudeMacBook-Pro.local","pid":6006,"level":20,"msg":"Processed: \u001b[35mlayout/_partial/sidebar.ejs\u001b[39m","time":"2016-08-24T10:10:47.277Z","v":0}
{"name":"hexo","hostname":"sudeMacBook-Pro.local","pid":6006,"level":20,"msg":"Processed: \u001b[35mlayout/_widget/archive.ejs\u001b[39m","time":"2016-08-24T10:10:47.277Z","v":0}
{"name":"hexo","hostname":"sudeMacBook-Pro.local","pid":6006,"level":20,"msg":"Processed: \u001b[35mlayout/_widget/category.ejs\u001b[39m","time":"2016-08-24T10:10:47.277Z","v":0}
{"name":"hexo","hostname":"sudeMacBook-Pro.local","pid":6006,"level":20,"msg":"Processed: \u001b[35mlayout/_widget/recent_posts.ejs\u001b[39m","time":"2016-08-24T10:10:47.277Z","v":0}
{"name":"hexo","hostname":"sudeMacBook-Pro.local","pid":6006,"level":20,"msg":"Processed: \u001b[35mlayout/_widget/tag.ejs\u001b[39m","time":"2016-08-24T10:10:47.277Z","v":0}
{"name":"hexo","hostname":"sudeMacBook-Pro.local","pid":6006,"level":20,"msg":"Processed: \u001b[35mlayout/_widget/tagcloud.ejs\u001b[39m","time":"2016-08-24T10:10:47.277Z","v":0}
{"name":"hexo","hostname":"sudeMacBook-Pro.local","pid":6006,"level":20,"msg":"Processed: \u001b[35msource/css/fonts/fontawesome-webfont.svg\u001b[39m","time":"2016-08-24T10:10:47.279Z","v":0}
{"name":"hexo","hostname":"sudeMacBook-Pro.local","pid":6006,"level":20,"msg":"Processed: \u001b[35msource/css/images/banner.jpg\u001b[39m","time":"2016-08-24T10:10:47.279Z","v":0}
{"name":"hexo","hostname":"sudeMacBook-Pro.local","pid":6006,"level":20,"msg":"Processed: \u001b[35mlayout/_partial/post/date.ejs\u001b[39m","time":"2016-08-24T10:10:47.281Z","v":0}
{"name":"hexo","hostname":"sudeMacBook-Pro.local","pid":6006,"level":20,"msg":"Processed: \u001b[35mlayout/_partial/post/category.ejs\u001b[39m","time":"2016-08-24T10:10:47.281Z","v":0}
{"name":"hexo","hostname":"sudeMacBook-Pro.local","pid":6006,"level":20,"msg":"Processed: \u001b[35mlayout/_partial/post/gallery.ejs\u001b[39m","time":"2016-08-24T10:10:47.281Z","v":0}
{"name":"hexo","hostname":"sudeMacBook-Pro.local","pid":6006,"level":20,"msg":"Processed: \u001b[35mlayout/_partial/post/nav.ejs\u001b[39m","time":"2016-08-24T10:10:47.281Z","v":0}
{"name":"hexo","hostname":"sudeMacBook-Pro.local","pid":6006,"level":20,"msg":"Processed: \u001b[35mlayout/_partial/post/title.ejs\u001b[39m","time":"2016-08-24T10:10:47.282Z","v":0}
{"name":"hexo","hostname":"sudeMacBook-Pro.local","pid":6006,"level":20,"msg":"Processed: \u001b[35mlayout/_partial/post/tag.ejs\u001b[39m","time":"2016-08-24T10:10:47.282Z","v":0}
{"name":"hexo","hostname":"sudeMacBook-Pro.local","pid":6006,"level":20,"msg":"Generator: \u001b[35mpage\u001b[39m","time":"2016-08-24T10:10:47.401Z","v":0}
{"name":"hexo","hostname":"sudeMacBook-Pro.local","pid":6006,"level":20,"msg":"Generator: \u001b[35mpost\u001b[39m","time":"2016-08-24T10:10:47.402Z","v":0}
{"name":"hexo","hostname":"sudeMacBook-Pro.local","pid":6006,"level":20,"msg":"Generator: \u001b[35marchive\u001b[39m","time":"2016-08-24T10:10:47.402Z","v":0}
{"name":"hexo","hostname":"sudeMacBook-Pro.local","pid":6006,"level":20,"msg":"Generator: \u001b[35mindex\u001b[39m","time":"2016-08-24T10:10:47.402Z","v":0}
{"name":"hexo","hostname":"sudeMacBook-Pro.local","pid":6006,"level":20,"msg":"Generator: \u001b[35mcategory\u001b[39m","time":"2016-08-24T10:10:47.402Z","v":0}
{"name":"hexo","hostname":"sudeMacBook-Pro.local","pid":6006,"level":20,"msg":"Generator: \u001b[35mtag\u001b[39m","time":"2016-08-24T10:10:47.402Z","v":0}
{"name":"hexo","hostname":"sudeMacBook-Pro.local","pid":6006,"level":20,"msg":"Generator: \u001b[35masset\u001b[39m","time":"2016-08-24T10:10:47.404Z","v":0}
{"name":"hexo","hostname":"sudeMacBook-Pro.local","pid":6006,"level":30,"msg":"Hexo is running at \u001b[4mhttp://localhost:4000/\u001b[24m. Press Ctrl+C to stop.","time":"2016-08-24T10:10:47.409Z","v":0}
{"name":"hexo","hostname":"sudeMacBook-Pro.local","pid":6006,"level":20,"msg":"Database saved","time":"2016-08-24T10:10:47.418Z","v":0}
{"name":"hexo","hostname":"sudeMacBook-Pro.local","pid":6006,"level":20,"msg":"Rendering index: \u001b[35mindex.html\u001b[39m","time":"2016-08-24T10:11:16.124Z","v":0}
{"name":"hexo","hostname":"sudeMacBook-Pro.local","pid":6006,"level":20,"msg":"Rendering post: \u001b[35m2016/08/23/hello-world/index.html\u001b[39m","time":"2016-08-24T10:12:39.436Z","v":0}
{"name":"hexo","hostname":"sudeMacBook-Pro.local","pid":6006,"level":20,"msg":"Rendering post: \u001b[35m2016/08/23/第一篇/index.html\u001b[39m","time":"2016-08-24T10:13:11.626Z","v":0}
{"name":"hexo","hostname":"sudeMacBook-Pro.local","pid":6006,"level":30,"msg":"Catch you later","time":"2016-08-24T10:13:32.048Z","v":0}
{"name":"hexo","hostname":"sudeMacBook-Pro.local","pid":6006,"level":20,"msg":"Database saved","time":"2016-08-24T10:13:32.058Z","v":0}
